# StreamVersion 1.1
MouseMoveEvent 636 543 0 0 0 0
MouseMoveEvent 636 543 0 0 0 0
MouseMoveEvent 636 543 0 0 0 0
MouseMoveEvent 636 542 0 0 0 0
MouseMoveEvent 636 541 0 0 0 0
MouseMoveEvent 636 541 0 0 0 0
LeftButtonPressEvent 636 541 0 0 0 0
StartInteractionEvent 636 541 0 0 0 0
MouseMoveEvent 636 540 0 0 0 0
RenderEvent 636 540 0 0 0 0
InteractionEvent 636 540 0 0 0 0
MouseMoveEvent 636 540 0 0 0 0
RenderEvent 636 540 0 0 0 0
InteractionEvent 636 540 0 0 0 0
MouseMoveEvent 636 536 0 0 0 0
RenderEvent 636 536 0 0 0 0
InteractionEvent 636 536 0 0 0 0
MouseMoveEvent 633 525 0 0 0 0
RenderEvent 633 525 0 0 0 0
InteractionEvent 633 525 0 0 0 0
MouseMoveEvent 629 509 0 0 0 0
RenderEvent 629 509 0 0 0 0
InteractionEvent 629 509 0 0 0 0
MouseMoveEvent 622 485 0 0 0 0
RenderEvent 622 485 0 0 0 0
InteractionEvent 622 485 0 0 0 0
MouseMoveEvent 608 455 0 0 0 0
RenderEvent 608 455 0 0 0 0
InteractionEvent 608 455 0 0 0 0
MouseMoveEvent 595 428 0 0 0 0
RenderEvent 595 428 0 0 0 0
InteractionEvent 595 428 0 0 0 0
MouseMoveEvent 584 409 0 0 0 0
RenderEvent 584 409 0 0 0 0
InteractionEvent 584 409 0 0 0 0
MouseMoveEvent 567 386 0 0 0 0
RenderEvent 567 386 0 0 0 0
InteractionEvent 567 386 0 0 0 0
MouseMoveEvent 558 375 0 0 0 0
RenderEvent 558 375 0 0 0 0
InteractionEvent 558 375 0 0 0 0
MouseMoveEvent 547 361 0 0 0 0
RenderEvent 547 361 0 0 0 0
InteractionEvent 547 361 0 0 0 0
MouseMoveEvent 539 350 0 0 0 0
RenderEvent 539 350 0 0 0 0
InteractionEvent 539 350 0 0 0 0
MouseMoveEvent 531 337 0 0 0 0
RenderEvent 531 337 0 0 0 0
InteractionEvent 531 337 0 0 0 0
MouseMoveEvent 524 329 0 0 0 0
RenderEvent 524 329 0 0 0 0
InteractionEvent 524 329 0 0 0 0
MouseMoveEvent 522 326 0 0 0 0
RenderEvent 522 326 0 0 0 0
InteractionEvent 522 326 0 0 0 0
MouseMoveEvent 519 323 0 0 0 0
RenderEvent 519 323 0 0 0 0
InteractionEvent 519 323 0 0 0 0
MouseMoveEvent 519 322 0 0 0 0
RenderEvent 519 322 0 0 0 0
InteractionEvent 519 322 0 0 0 0
MouseMoveEvent 519 322 0 0 0 0
RenderEvent 519 322 0 0 0 0
InteractionEvent 519 322 0 0 0 0
MouseMoveEvent 518 321 0 0 0 0
RenderEvent 518 321 0 0 0 0
InteractionEvent 518 321 0 0 0 0
MouseMoveEvent 518 320 0 0 0 0
RenderEvent 518 320 0 0 0 0
InteractionEvent 518 320 0 0 0 0
LeftButtonReleaseEvent 518 320 0 0 0 0
EndInteractionEvent 518 320 0 0 0 0
RenderEvent 518 320 0 0 0 0
MouseMoveEvent 518 319 0 0 0 0
MouseMoveEvent 519 319 0 0 0 0
MouseMoveEvent 520 319 0 0 0 0
MouseMoveEvent 521 320 0 0 0 0
MouseMoveEvent 522 321 0 0 0 0
MouseWheelBackwardEvent 522 321 0 0 0 0
StartInteractionEvent 522 321 0 0 0 0
RenderEvent 522 321 0 0 0 0
EndInteractionEvent 522 321 0 0 0 0
RenderEvent 522 321 0 0 0 0
MouseWheelBackwardEvent 522 321 0 0 1 0
StartInteractionEvent 522 321 0 0 1 0
RenderEvent 522 321 0 0 1 0
EndInteractionEvent 522 321 0 0 1 0
RenderEvent 522 321 0 0 1 0
MouseWheelForwardEvent 522 321 0 0 0 0
StartInteractionEvent 522 321 0 0 0 0
RenderEvent 522 321 0 0 0 0
EndInteractionEvent 522 321 0 0 0 0
RenderEvent 522 321 0 0 0 0
MouseWheelForwardEvent 522 321 0 0 1 0
StartInteractionEvent 522 321 0 0 1 0
RenderEvent 522 321 0 0 1 0
EndInteractionEvent 522 321 0 0 1 0
RenderEvent 522 321 0 0 1 0
MouseWheelForwardEvent 522 321 0 0 0 0
StartInteractionEvent 522 321 0 0 0 0
RenderEvent 522 321 0 0 0 0
EndInteractionEvent 522 321 0 0 0 0
RenderEvent 522 321 0 0 0 0
LeftButtonPressEvent 522 321 0 0 0 0
StartInteractionEvent 522 321 0 0 0 0
MouseMoveEvent 523 321 0 0 0 0
RenderEvent 523 321 0 0 0 0
InteractionEvent 523 321 0 0 0 0
MouseMoveEvent 525 322 0 0 0 0
RenderEvent 525 322 0 0 0 0
InteractionEvent 525 322 0 0 0 0
MouseMoveEvent 528 323 0 0 0 0
RenderEvent 528 323 0 0 0 0
InteractionEvent 528 323 0 0 0 0
MouseMoveEvent 534 325 0 0 0 0
RenderEvent 534 325 0 0 0 0
InteractionEvent 534 325 0 0 0 0
MouseMoveEvent 540 329 0 0 0 0
RenderEvent 540 329 0 0 0 0
InteractionEvent 540 329 0 0 0 0
MouseMoveEvent 548 330 0 0 0 0
RenderEvent 548 330 0 0 0 0
InteractionEvent 548 330 0 0 0 0
MouseMoveEvent 555 333 0 0 0 0
RenderEvent 555 333 0 0 0 0
InteractionEvent 555 333 0 0 0 0
MouseMoveEvent 560 334 0 0 0 0
RenderEvent 560 334 0 0 0 0
InteractionEvent 560 334 0 0 0 0
MouseMoveEvent 566 336 0 0 0 0
RenderEvent 566 336 0 0 0 0
InteractionEvent 566 336 0 0 0 0
MouseMoveEvent 568 336 0 0 0 0
RenderEvent 568 336 0 0 0 0
InteractionEvent 568 336 0 0 0 0
MouseMoveEvent 569 336 0 0 0 0
RenderEvent 569 336 0 0 0 0
InteractionEvent 569 336 0 0 0 0
MouseMoveEvent 570 336 0 0 0 0
RenderEvent 570 336 0 0 0 0
InteractionEvent 570 336 0 0 0 0
MouseMoveEvent 571 337 0 0 0 0
RenderEvent 571 337 0 0 0 0
InteractionEvent 571 337 0 0 0 0
MouseMoveEvent 572 338 0 0 0 0
RenderEvent 572 338 0 0 0 0
InteractionEvent 572 338 0 0 0 0
MouseMoveEvent 573 338 0 0 0 0
RenderEvent 573 338 0 0 0 0
InteractionEvent 573 338 0 0 0 0
LeftButtonReleaseEvent 573 338 0 0 0 0
EndInteractionEvent 573 338 0 0 0 0
RenderEvent 573 338 0 0 0 0
MouseMoveEvent 575 339 0 0 0 0
MouseMoveEvent 576 340 0 0 0 0
MouseMoveEvent 577 340 0 0 0 0
MouseMoveEvent 578 341 0 0 0 0
MouseMoveEvent 578 342 0 0 0 0
MouseMoveEvent 578 345 0 0 0 0
MouseMoveEvent 578 348 0 0 0 0
MouseMoveEvent 577 352 0 0 0 0
MouseMoveEvent 577 354 0 0 0 0
MouseMoveEvent 575 358 0 0 0 0
MouseMoveEvent 574 360 0 0 0 0
MouseMoveEvent 572 364 0 0 0 0
MouseMoveEvent 570 368 0 0 0 0
MouseMoveEvent 569 369 0 0 0 0
MiddleButtonPressEvent 569 369 0 0 0 0
StartInteractionEvent 569 369 0 0 0 0
MouseMoveEvent 571 370 0 0 0 0
RenderEvent 571 370 0 0 0 0
InteractionEvent 571 370 0 0 0 0
MouseMoveEvent 573 370 0 0 0 0
RenderEvent 573 370 0 0 0 0
InteractionEvent 573 370 0 0 0 0
MouseMoveEvent 578 370 0 0 0 0
RenderEvent 578 370 0 0 0 0
InteractionEvent 578 370 0 0 0 0
MouseMoveEvent 596 370 0 0 0 0
RenderEvent 596 370 0 0 0 0
InteractionEvent 596 370 0 0 0 0
MouseMoveEvent 625 370 0 0 0 0
RenderEvent 625 370 0 0 0 0
InteractionEvent 625 370 0 0 0 0
MouseMoveEvent 659 375 0 0 0 0
RenderEvent 659 375 0 0 0 0
InteractionEvent 659 375 0 0 0 0
MouseMoveEvent 687 378 0 0 0 0
RenderEvent 687 378 0 0 0 0
InteractionEvent 687 378 0 0 0 0
MouseMoveEvent 711 382 0 0 0 0
RenderEvent 711 382 0 0 0 0
InteractionEvent 711 382 0 0 0 0
MouseMoveEvent 729 383 0 0 0 0
RenderEvent 729 383 0 0 0 0
InteractionEvent 729 383 0 0 0 0
MouseMoveEvent 735 385 0 0 0 0
RenderEvent 735 385 0 0 0 0
InteractionEvent 735 385 0 0 0 0
MouseMoveEvent 738 385 0 0 0 0
RenderEvent 738 385 0 0 0 0
InteractionEvent 738 385 0 0 0 0
MouseMoveEvent 741 385 0 0 0 0
RenderEvent 741 385 0 0 0 0
InteractionEvent 741 385 0 0 0 0
MouseMoveEvent 744 385 0 0 0 0
RenderEvent 744 385 0 0 0 0
InteractionEvent 744 385 0 0 0 0
MouseMoveEvent 745 385 0 0 0 0
RenderEvent 745 385 0 0 0 0
InteractionEvent 745 385 0 0 0 0
MouseMoveEvent 744 385 0 0 0 0
RenderEvent 744 385 0 0 0 0
InteractionEvent 744 385 0 0 0 0
MouseMoveEvent 741 385 0 0 0 0
RenderEvent 741 385 0 0 0 0
InteractionEvent 741 385 0 0 0 0
MouseMoveEvent 734 385 0 0 0 0
RenderEvent 734 385 0 0 0 0
InteractionEvent 734 385 0 0 0 0
MouseMoveEvent 712 381 0 0 0 0
RenderEvent 712 381 0 0 0 0
InteractionEvent 712 381 0 0 0 0
MouseMoveEvent 675 376 0 0 0 0
RenderEvent 675 376 0 0 0 0
InteractionEvent 675 376 0 0 0 0
MouseMoveEvent 647 372 0 0 0 0
RenderEvent 647 372 0 0 0 0
InteractionEvent 647 372 0 0 0 0
MouseMoveEvent 614 365 0 0 0 0
RenderEvent 614 365 0 0 0 0
InteractionEvent 614 365 0 0 0 0
MouseMoveEvent 584 362 0 0 0 0
RenderEvent 584 362 0 0 0 0
InteractionEvent 584 362 0 0 0 0
MouseMoveEvent 555 358 0 0 0 0
RenderEvent 555 358 0 0 0 0
InteractionEvent 555 358 0 0 0 0
MouseMoveEvent 539 355 0 0 0 0
RenderEvent 539 355 0 0 0 0
InteractionEvent 539 355 0 0 0 0
MouseMoveEvent 530 355 0 0 0 0
RenderEvent 530 355 0 0 0 0
InteractionEvent 530 355 0 0 0 0
MouseMoveEvent 523 353 0 0 0 0
RenderEvent 523 353 0 0 0 0
InteractionEvent 523 353 0 0 0 0
MouseMoveEvent 516 352 0 0 0 0
RenderEvent 516 352 0 0 0 0
InteractionEvent 516 352 0 0 0 0
MouseMoveEvent 511 351 0 0 0 0
RenderEvent 511 351 0 0 0 0
InteractionEvent 511 351 0 0 0 0
MouseMoveEvent 508 351 0 0 0 0
RenderEvent 508 351 0 0 0 0
InteractionEvent 508 351 0 0 0 0
MouseMoveEvent 505 350 0 0 0 0
RenderEvent 505 350 0 0 0 0
InteractionEvent 505 350 0 0 0 0
MiddleButtonReleaseEvent 505 350 0 0 0 0
EndInteractionEvent 505 350 0 0 0 0
RenderEvent 505 350 0 0 0 0
